Using pre-set license
Built from '6000.1/staging' branch; Version is '6000.1.3f1 (f34db9734971) revision 15945145'; Using compiler version '194234433'; Build Type 'Release'
OS: 'Windows 11  (10.0.26100) 64bit CoreSingleLanguage' Language: 'en' Physical Memory: 16085 MB
BatchMode: 1, IsHumanControllingUs: 0, StartBugReporterOnCrash: 0, Is64bit: 1, IsPro: 1
Date: 2025-05-29T16:25:36Z

COMMAND LINE ARGUMENTS:
D:\UnityHub\Unity Hub\2022.3.51f1\6000.1.3f1\Editor\Unity.exe
-adb2
-batchMode
-noUpm
-name
AssetImportWorker0
-projectPath
D:/Project-Guthub/Game3DNangCaoSinhTon/Game3DASM
-logFile
Logs/AssetImportWorker0.log
-srvPort
49895
-job-worker-count
5
-background-job-worker-count
8
-gc-helper-count
1
-name
AssetImport
Successfully changed project path to: D:/Project-Guthub/Game3DNangCaoSinhTon/Game3DASM
D:/Project-Guthub/Game3DNangCaoSinhTon/Game3DASM
[UnityMemory] Configuration Parameters - Can be set up in boot.config
    "memorysetup-allocator-temp-initial-block-size-main=262144"
    "memorysetup-allocator-temp-initial-block-size-worker=262144"
    "memorysetup-bucket-allocator-granularity=16"
    "memorysetup-bucket-allocator-bucket-count=8"
    "memorysetup-bucket-allocator-block-size=33554432"
    "memorysetup-bucket-allocator-block-count=8"
    "memorysetup-main-allocator-block-size=16777216"
    "memorysetup-thread-allocator-block-size=16777216"
    "memorysetup-gfx-main-allocator-block-size=16777216"
    "memorysetup-gfx-thread-allocator-block-size=16777216"
    "memorysetup-cache-allocator-block-size=4194304"
    "memorysetup-typetree-allocator-block-size=2097152"
    "memorysetup-profiler-bucket-allocator-granularity=16"
    "memorysetup-profiler-bucket-allocator-bucket-count=8"
    "memorysetup-profiler-bucket-allocator-block-size=33554432"
    "memorysetup-profiler-bucket-allocator-block-count=8"
    "memorysetup-profiler-allocator-block-size=16777216"
    "memorysetup-profiler-editor-allocator-block-size=1048576"
    "memorysetup-temp-allocator-size-main=16777216"
    "memorysetup-job-temp-allocator-block-size=2097152"
    "memorysetup-job-temp-allocator-block-size-background=1048576"
    "memorysetup-job-temp-allocator-reduction-small-platforms=262144"
    "memorysetup-temp-allocator-size-background-worker=32768"
    "memorysetup-temp-allocator-size-job-worker=262144"
    "memorysetup-temp-allocator-size-preload-manager=33554432"
    "memorysetup-temp-allocator-size-nav-mesh-worker=65536"
    "memorysetup-temp-allocator-size-audio-worker=65536"
    "memorysetup-temp-allocator-size-cloud-worker=32768"
    "memorysetup-temp-allocator-size-gi-baking-worker=262144"
    "memorysetup-temp-allocator-size-gi-baking-worker=262144"
    "memorysetup-temp-allocator-size-gi-baking-worker=262144"
    "memorysetup-temp-allocator-size-gi-baking-worker=262144"
    "memorysetup-temp-allocator-size-gi-baking-worker=262144"
    "memorysetup-temp-allocator-size-gfx=262144"
Player connection [25136]  Target information:

Player connection [25136]  * "[IP] 192.168.2.64 [Port] 0 [Flags] 2 [Guid] 4223725821 [EditorId] 4223725821 [Version] 1048832 [Id] WindowsEditor(7,MSI) [Debug] 1 [PackageName] WindowsEditor [ProjectName] Editor" 

Player connection [25136] Host joined multi-casting on [225.0.0.222:54997]...
Player connection [25136] Host joined alternative multi-casting on [225.0.0.222:34997]...
JobSystem: Creating JobQueue using job-worker-count value 5
Input System module state changed to: Initialized.
[Physics::Module] Initialized fallback backend.
[Physics::Module] Id: 0xdecafbad
Library Redirect Path: Library/
[Physics::Module] Selected backend.
[Physics::Module] Name: PhysX
[Physics::Module] Id: 0xf2b8ea05
[Physics::Module] SDK Version: 4.1.2
[Physics::Module] Integration Version: 1.0.0
[Physics::Module] Threading Mode: Multi-Threaded
Refreshing native plugins compatible for Editor in 2.36 ms, found 3 plugins.
Preloading 0 native plugins for Editor in 0.00 ms.
Initialize engine version: 6000.1.3f1 (f34db9734971)
[Subsystems] Discovering subsystems at path D:/UnityHub/Unity Hub/2022.3.51f1/6000.1.3f1/Editor/Data/Resources/UnitySubsystems
[Subsystems] Discovering subsystems at path D:/Project-Guthub/Game3DNangCaoSinhTon/Game3DASM/Assets
GfxDevice: creating device client; kGfxThreadingModeNonThreaded
Direct3D:
    Version:         Direct3D 12 [level 12.1]
    Renderer:        NVIDIA GeForce RTX 4050 Laptop GPU (ID=0x28a1)
    Vendor:          NVIDIA
    VRAM:            5921 MB
    App VRAM Budget: 5153 MB
    Driver:          32.0.15.7652
Initialize mono
Mono path[0] = 'D:/UnityHub/Unity Hub/2022.3.51f1/6000.1.3f1/Editor/Data/Managed'
Mono path[1] = 'D:/UnityHub/Unity Hub/2022.3.51f1/6000.1.3f1/Editor/Data/MonoBleedingEdge/lib/mono/unityjit-win32'
Mono config path = 'D:/UnityHub/Unity Hub/2022.3.51f1/6000.1.3f1/Editor/Data/MonoBleedingEdge/etc'
Using monoOptions --debugger-agent=transport=dt_socket,embedding=1,server=y,suspend=n,address=127.0.0.1:56488
Begin MonoManager ReloadAssembly
Registering precompiled unity dll's ...
Register platform support module: D:/UnityHub/Unity Hub/2022.3.51f1/6000.1.3f1/Editor/Data/PlaybackEngines/WindowsStandaloneSupport/UnityEditor.WindowsStandalone.Extensions.dll
Register platform support module: D:/UnityHub/Unity Hub/2022.3.51f1/6000.1.3f1/Editor/Data/PlaybackEngines/AndroidPlayer/UnityEditor.Android.Extensions.dll
Registered in 0.001669 seconds.
- Loaded All Assemblies, in  0.437 seconds
Native extension for Android target not found
Android Extension - Scanning For ADB Devices 365 ms
Native extension for WindowsStandalone target not found
Mono: successfully reloaded assembly
- Finished resetting the current domain, in  0.855 seconds
Domain Reload Profiling: 1292ms
	BeginReloadAssembly (171ms)
		ExecutionOrderSort (0ms)
		DisableScriptedObjects (0ms)
		BackupInstance (0ms)
		ReleaseScriptingObjects (0ms)
		CreateAndSetChildDomain (1ms)
	RebuildCommonClasses (34ms)
	RebuildNativeTypeToScriptingClass (11ms)
	initialDomainReloadingComplete (55ms)
	LoadAllAssembliesAndSetupDomain (164ms)
		LoadAssemblies (171ms)
		RebuildTransferFunctionScriptingTraits (0ms)
		AnalyzeDomain (161ms)
			TypeCache.Refresh (159ms)
				TypeCache.ScanAssembly (145ms)
			BuildScriptInfoCaches (0ms)
			ResolveRequiredComponents (1ms)
	FinalizeReload (856ms)
		ReleaseScriptCaches (0ms)
		RebuildScriptCaches (0ms)
		SetupLoadedEditorAssemblies (820ms)
			LogAssemblyErrors (0ms)
			InitializePlatformSupportModulesInManaged (472ms)
			SetLoadedEditorAssemblies (4ms)
			BeforeProcessingInitializeOnLoad (87ms)
			ProcessInitializeOnLoadAttributes (175ms)
			ProcessInitializeOnLoadMethodAttributes (82ms)
			AfterProcessingInitializeOnLoad (0ms)
			EditorAssembliesLoaded (0ms)
		ExecutionOrderSort2 (0ms)
		AwakeInstancesAfterBackupRestoration (0ms)
========================================================================
Worker process is ready to serve import requests
Import Worker Mode flag is 0x00
Begin MonoManager ReloadAssembly
- Loaded All Assemblies, in  1.065 seconds
'Packages/com.unity.render-pipelines.high-definition/Editor/Wizard/HDWizard.UIElement.cs' contains partial class of Unity.Object, exactly 1 of the partial classes needs to be in a file with the same filename. This is to know the one that can be referenced from ie. GameObjects
'Packages/com.unity.render-pipelines.high-definition/Editor/Wizard/HDWizard.Configuration.cs' contains partial class of Unity.Object, exactly 1 of the partial classes needs to be in a file with the same filename. This is to know the one that can be referenced from ie. GameObjects
'Packages/com.unity.render-pipelines.high-definition/Editor/Wizard/HDWizard.Window.cs' contains partial class of Unity.Object, exactly 1 of the partial classes needs to be in a file with the same filename. This is to know the one that can be referenced from ie. GameObjects
Refreshing native plugins compatible for Editor in 0.58 ms, found 3 plugins.
Native extension for Android target not found
Native extension for WindowsStandalone target not found
Mono: successfully reloaded assembly
- Finished resetting the current domain, in  1.027 seconds
Domain Reload Profiling: 2092ms
	BeginReloadAssembly (199ms)
		ExecutionOrderSort (0ms)
		DisableScriptedObjects (6ms)
		BackupInstance (0ms)
		ReleaseScriptingObjects (0ms)
		CreateAndSetChildDomain (41ms)
	RebuildCommonClasses (37ms)
	RebuildNativeTypeToScriptingClass (10ms)
	initialDomainReloadingComplete (42ms)
	LoadAllAssembliesAndSetupDomain (777ms)
		LoadAssemblies (448ms)
		RebuildTransferFunctionScriptingTraits (0ms)
		AnalyzeDomain (438ms)
			TypeCache.Refresh (340ms)
				TypeCache.ScanAssembly (309ms)
			BuildScriptInfoCaches (78ms)
			ResolveRequiredComponents (15ms)
	FinalizeReload (1028ms)
		ReleaseScriptCaches (0ms)
		RebuildScriptCaches (0ms)
		SetupLoadedEditorAssemblies (782ms)
			LogAssemblyErrors (0ms)
			InitializePlatformSupportModulesInManaged (13ms)
			SetLoadedEditorAssemblies (3ms)
			BeforeProcessingInitializeOnLoad (155ms)
			ProcessInitializeOnLoadAttributes (505ms)
			ProcessInitializeOnLoadMethodAttributes (104ms)
			AfterProcessingInitializeOnLoad (1ms)
			EditorAssembliesLoaded (0ms)
		ExecutionOrderSort2 (0ms)
		AwakeInstancesAfterBackupRestoration (8ms)
Launched and connected shader compiler UnityShaderCompiler.exe after 0.02 seconds
Refreshing native plugins compatible for Editor in 0.98 ms, found 3 plugins.
Preloading 0 native plugins for Editor in 0.00 ms.
Unloading 476 Unused Serialized files (Serialized files now loaded: 0)
Unloading 7674 unused Assets / (21.3 MB). Loaded Objects now: 8357.
Memory consumption went from 263.2 MB to 242.0 MB.
Total: 18.343400 ms (FindLiveObjects: 1.325000 ms CreateObjectMapping: 2.202100 ms MarkObjects: 7.251200 ms  DeleteObjects: 7.562900 ms)

========================================================================
Received Import Request.
  Time since last request: 21233.313389 seconds.
  path: Assets/SOnNGUYXN/Military/StarterAssets/Readme.asset
  artifactKey: Guid(4181bfe715a83e843b7538d750dc57cc) Importer(815301076,1909f56bfc062723c751e8b465ee728b)
Start importing Assets/SOnNGUYXN/Military/StarterAssets/Readme.asset using Guid(4181bfe715a83e843b7538d750dc57cc) Importer(815301076,1909f56bfc062723c751e8b465ee728b) (PreviewImporter) -> (artifact id: 'af83bdca952544216ea6cdd2d6a329f8') in 0.0376589 seconds
Number of updated asset objects reloaded before import = 0Number of asset objects unloaded after import = 1

========================================================================
Received Import Request.
  Time since last request: 0.000042 seconds.
  path: Assets/SOnNGUYXN/Military/Materials HDRP/HDRP_Backpack1_Skin4.mat
  artifactKey: Guid(f02f6c1af6a19f846b20cbef9adb1b30) Importer(815301076,1909f56bfc062723c751e8b465ee728b)
Start importing Assets/SOnNGUYXN/Military/Materials HDRP/HDRP_Backpack1_Skin4.mat using Guid(f02f6c1af6a19f846b20cbef9adb1b30) Importer(815301076,1909f56bfc062723c751e8b465ee728b) (PreviewImporter) -> (artifact id: '664680a8d2c23c8a7bbd4619af5c0aa9') in 1.0696347 seconds
Number of updated asset objects reloaded before import = 0Number of asset objects unloaded after import = 332

========================================================================
Received Import Request.
  Time since last request: 0.000057 seconds.
  path: Assets/SOnNGUYXN/Military/Materials HDRP/HDRP_Hands1_Skin1.mat
  artifactKey: Guid(04a534206c13d0f44998d0ba90cd2ac5) Importer(815301076,1909f56bfc062723c751e8b465ee728b)
Start importing Assets/SOnNGUYXN/Military/Materials HDRP/HDRP_Hands1_Skin1.mat using Guid(04a534206c13d0f44998d0ba90cd2ac5) Importer(815301076,1909f56bfc062723c751e8b465ee728b) (PreviewImporter) -> (artifact id: '8b4f6277e625b4f4e91abd1db8b5a6ba') in 0.0495395 seconds
Number of updated asset objects reloaded before import = 0Number of asset objects unloaded after import = 6

========================================================================
Received Import Request.
  Time since last request: 0.000116 seconds.
  path: Assets/SOnNGUYXN/Military/Materials URP/URP_Boots3_Skin2.mat
  artifactKey: Guid(0a330e6eee7c9d745b76b538da6b35c8) Importer(815301076,1909f56bfc062723c751e8b465ee728b)
Start importing Assets/SOnNGUYXN/Military/Materials URP/URP_Boots3_Skin2.mat using Guid(0a330e6eee7c9d745b76b538da6b35c8) Importer(815301076,1909f56bfc062723c751e8b465ee728b) (PreviewImporter) -> (artifact id: '4463ba8f615a27bcf4965174f3db7252') in 0.1659333 seconds
Number of updated asset objects reloaded before import = 0Number of asset objects unloaded after import = 6

========================================================================
Received Import Request.
  Time since last request: 0.000155 seconds.
  path: Assets/SOnNGUYXN/Military/Materials URP/URP_Vest1_Skin1.mat
  artifactKey: Guid(13b98a63cdb3b824090d7911fe076d4b) Importer(815301076,1909f56bfc062723c751e8b465ee728b)
Start importing Assets/SOnNGUYXN/Military/Materials URP/URP_Vest1_Skin1.mat using Guid(13b98a63cdb3b824090d7911fe076d4b) Importer(815301076,1909f56bfc062723c751e8b465ee728b) (PreviewImporter) -> (artifact id: 'e8581590710a122e3bec5e6cdddf2308') in 0.0637021 seconds
Number of updated asset objects reloaded before import = 0Number of asset objects unloaded after import = 6

========================================================================
Received Import Request.
  Time since last request: 0.000046 seconds.
  path: Assets/SOnNGUYXN/Military/Materials URP/URP_Backpack1_Skin2.mat
  artifactKey: Guid(a4a8d1cc9aa491b47b9b5881c72e8131) Importer(815301076,1909f56bfc062723c751e8b465ee728b)
Start importing Assets/SOnNGUYXN/Military/Materials URP/URP_Backpack1_Skin2.mat using Guid(a4a8d1cc9aa491b47b9b5881c72e8131) Importer(815301076,1909f56bfc062723c751e8b465ee728b) (PreviewImporter) -> (artifact id: 'fed026ceff431412e7fe4972338e07fe') in 0.0633915 seconds
Number of updated asset objects reloaded before import = 0Number of asset objects unloaded after import = 6

========================================================================
Received Import Request.
  Time since last request: 0.000059 seconds.
  path: Assets/SOnNGUYXN/Military/Materials URP/URP_Pants2_Skin3.mat
  artifactKey: Guid(116fe99a763e66041a7d0596a9b72544) Importer(815301076,1909f56bfc062723c751e8b465ee728b)
Start importing Assets/SOnNGUYXN/Military/Materials URP/URP_Pants2_Skin3.mat using Guid(116fe99a763e66041a7d0596a9b72544) Importer(815301076,1909f56bfc062723c751e8b465ee728b) (PreviewImporter) -> (artifact id: '0d3a1aa391a28e24f544c13c135a3305') in 0.054941 seconds
Number of updated asset objects reloaded before import = 0Number of asset objects unloaded after import = 6

========================================================================
Received Import Request.
  Time since last request: 0.000054 seconds.
  path: Assets/SOnNGUYXN/Military/Materials HDRP/HDRP_Pants2_Skin3.mat
  artifactKey: Guid(315b9206d1b6e5841aa9209f2e1f8b92) Importer(815301076,1909f56bfc062723c751e8b465ee728b)
Start importing Assets/SOnNGUYXN/Military/Materials HDRP/HDRP_Pants2_Skin3.mat using Guid(315b9206d1b6e5841aa9209f2e1f8b92) Importer(815301076,1909f56bfc062723c751e8b465ee728b) (PreviewImporter) -> (artifact id: 'e267befe3d07af4e982e0190ceb17663') in 0.0478015 seconds
Number of updated asset objects reloaded before import = 0Number of asset objects unloaded after import = 7

========================================================================
Received Import Request.
  Time since last request: 0.000096 seconds.
  path: Assets/SOnNGUYXN/Military/Materials URP/URP_FPS_Hands1_Skin1.mat
  artifactKey: Guid(a92c3a3369b862448a6861f1c2f9c5b1) Importer(815301076,1909f56bfc062723c751e8b465ee728b)
Start importing Assets/SOnNGUYXN/Military/Materials URP/URP_FPS_Hands1_Skin1.mat using Guid(a92c3a3369b862448a6861f1c2f9c5b1) Importer(815301076,1909f56bfc062723c751e8b465ee728b) (PreviewImporter) -> (artifact id: '61449f57a47966c55597ed42ed4dceb5') in 0.0639939 seconds
Number of updated asset objects reloaded before import = 0Number of asset objects unloaded after import = 5

========================================================================
Received Import Request.
  Time since last request: 0.000032 seconds.
  path: Assets/SOnNGUYXN/Military/Materials HDRP/HDRP_Vest1_Skin3.mat
  artifactKey: Guid(05d1daf7457ea524783155e9bea3f9b5) Importer(815301076,1909f56bfc062723c751e8b465ee728b)
Start importing Assets/SOnNGUYXN/Military/Materials HDRP/HDRP_Vest1_Skin3.mat using Guid(05d1daf7457ea524783155e9bea3f9b5) Importer(815301076,1909f56bfc062723c751e8b465ee728b) (PreviewImporter) -> (artifact id: '244171fb4b9eddeb0e45bea0bf87a05a') in 0.0440084 seconds
Number of updated asset objects reloaded before import = 0Number of asset objects unloaded after import = 7

========================================================================
Received Import Request.
  Time since last request: 0.000042 seconds.
  path: Assets/SOnNGUYXN/Military/Materials HDRP/HDRP_Backpack1_Skin2.mat
  artifactKey: Guid(0d9334c000a0e324f8770aaa8ab318b4) Importer(815301076,1909f56bfc062723c751e8b465ee728b)
Start importing Assets/SOnNGUYXN/Military/Materials HDRP/HDRP_Backpack1_Skin2.mat using Guid(0d9334c000a0e324f8770aaa8ab318b4) Importer(815301076,1909f56bfc062723c751e8b465ee728b) (PreviewImporter) -> (artifact id: '10446b218731de33b0d93c885475dfbb') in 0.0457833 seconds
Number of updated asset objects reloaded before import = 0Number of asset objects unloaded after import = 7

========================================================================
Received Import Request.
  Time since last request: 0.000040 seconds.
  path: Assets/SOnNGUYXN/Military/Materials URP/URP_Boots3_Skin1.mat
  artifactKey: Guid(69a7ae62ad9e47040b84931e37b8966e) Importer(815301076,1909f56bfc062723c751e8b465ee728b)
Start importing Assets/SOnNGUYXN/Military/Materials URP/URP_Boots3_Skin1.mat using Guid(69a7ae62ad9e47040b84931e37b8966e) Importer(815301076,1909f56bfc062723c751e8b465ee728b) (PreviewImporter) -> (artifact id: 'ebdb8a62f75d4d6b3ca4b5d702013dc6') in 0.0420106 seconds
Number of updated asset objects reloaded before import = 0Number of asset objects unloaded after import = 6

========================================================================
Received Import Request.
  Time since last request: 0.000035 seconds.
  path: Assets/SOnNGUYXN/Military/Materials HDRP/HDRP_Pants2_Skin1.mat
  artifactKey: Guid(a227dcb883a1ca04691fdbc20e1405ac) Importer(815301076,1909f56bfc062723c751e8b465ee728b)
Start importing Assets/SOnNGUYXN/Military/Materials HDRP/HDRP_Pants2_Skin1.mat using Guid(a227dcb883a1ca04691fdbc20e1405ac) Importer(815301076,1909f56bfc062723c751e8b465ee728b) (PreviewImporter) -> (artifact id: '989c7f9144c1f50aa8523a0edff20227') in 0.0553101 seconds
Number of updated asset objects reloaded before import = 0Number of asset objects unloaded after import = 7

========================================================================
Received Import Request.
  Time since last request: 0.000048 seconds.
  path: Assets/SOnNGUYXN/Military/Materials HDRP/HDRP_Vest1_Skin1.mat
  artifactKey: Guid(51f173ca9dccfe049bd0657a354ddfe5) Importer(815301076,1909f56bfc062723c751e8b465ee728b)
Start importing Assets/SOnNGUYXN/Military/Materials HDRP/HDRP_Vest1_Skin1.mat using Guid(51f173ca9dccfe049bd0657a354ddfe5) Importer(815301076,1909f56bfc062723c751e8b465ee728b) (PreviewImporter) -> (artifact id: 'a26d59eac9cf1578c13ca1550eb7f963') in 0.0476471 seconds
Number of updated asset objects reloaded before import = 0Number of asset objects unloaded after import = 7

========================================================================
Received Import Request.
  Time since last request: 0.000132 seconds.
  path: Assets/SOnNGUYXN/Military/Materials HDRP/HDRP_Boots3_Skin2.mat
  artifactKey: Guid(897f2ddab7338ca4d8853a978e15652e) Importer(815301076,1909f56bfc062723c751e8b465ee728b)
Start importing Assets/SOnNGUYXN/Military/Materials HDRP/HDRP_Boots3_Skin2.mat using Guid(897f2ddab7338ca4d8853a978e15652e) Importer(815301076,1909f56bfc062723c751e8b465ee728b) (PreviewImporter) -> (artifact id: 'e276f5d0c3d0d79417fe17a132727623') in 0.0313509 seconds
Number of updated asset objects reloaded before import = 0Number of asset objects unloaded after import = 7

========================================================================
Received Import Request.
  Time since last request: 0.000058 seconds.
  path: Assets/SOnNGUYXN/Military/Materials URP/URP_Gloves1_Skin2.mat
  artifactKey: Guid(246bdadbf19ef27498ed6bb60ce05e75) Importer(815301076,1909f56bfc062723c751e8b465ee728b)
Start importing Assets/SOnNGUYXN/Military/Materials URP/URP_Gloves1_Skin2.mat using Guid(246bdadbf19ef27498ed6bb60ce05e75) Importer(815301076,1909f56bfc062723c751e8b465ee728b) (PreviewImporter) -> (artifact id: 'a7693ba5cf21d5f497d6b21c6900df7e') in 0.0631063 seconds
Number of updated asset objects reloaded before import = 0Number of asset objects unloaded after import = 5

========================================================================
Received Import Request.
  Time since last request: 0.000036 seconds.
  path: Assets/SOnNGUYXN/Military/Materials HDRP/HDRP_Cap1_Skin4.mat
  artifactKey: Guid(36697b70b15235042a5e89c98e83276f) Importer(815301076,1909f56bfc062723c751e8b465ee728b)
Start importing Assets/SOnNGUYXN/Military/Materials HDRP/HDRP_Cap1_Skin4.mat using Guid(36697b70b15235042a5e89c98e83276f) Importer(815301076,1909f56bfc062723c751e8b465ee728b) (PreviewImporter) -> (artifact id: 'db1d64e408d457ca3f882172b5fe2303') in 0.0480247 seconds
Number of updated asset objects reloaded before import = 0Number of asset objects unloaded after import = 7

========================================================================
Received Import Request.
  Time since last request: 0.000047 seconds.
  path: Assets/SOnNGUYXN/Military/Materials URP/URP_Gloves1_Skin1.mat
  artifactKey: Guid(3e4cde5eedb06e944bae6f80ebd17996) Importer(815301076,1909f56bfc062723c751e8b465ee728b)
Start importing Assets/SOnNGUYXN/Military/Materials URP/URP_Gloves1_Skin1.mat using Guid(3e4cde5eedb06e944bae6f80ebd17996) Importer(815301076,1909f56bfc062723c751e8b465ee728b) (PreviewImporter) -> (artifact id: 'eeed4a035454900efbd02d56a254645d') in 0.0560088 seconds
Number of updated asset objects reloaded before import = 0Number of asset objects unloaded after import = 5

========================================================================
Received Import Request.
  Time since last request: 0.000051 seconds.
  path: Assets/SOnNGUYXN/Military/Materials HDRP/HDRP_Cap1_Skin3.mat
  artifactKey: Guid(52164bfa6fd9ab240bff627ce4c62452) Importer(815301076,1909f56bfc062723c751e8b465ee728b)
Start importing Assets/SOnNGUYXN/Military/Materials HDRP/HDRP_Cap1_Skin3.mat using Guid(52164bfa6fd9ab240bff627ce4c62452) Importer(815301076,1909f56bfc062723c751e8b465ee728b) (PreviewImporter) -> (artifact id: '4f31f7dfcb805356abe951eb1309810e') in 0.0510342 seconds
Number of updated asset objects reloaded before import = 0Number of asset objects unloaded after import = 7

========================================================================
Received Import Request.
  Time since last request: 0.000042 seconds.
  path: Assets/SOnNGUYXN/Military/Materials HDRP/HDRP_Backpack1_Skin1.mat
  artifactKey: Guid(67e01125e3f35d24ea88a4316b057310) Importer(815301076,1909f56bfc062723c751e8b465ee728b)
Start importing Assets/SOnNGUYXN/Military/Materials HDRP/HDRP_Backpack1_Skin1.mat using Guid(67e01125e3f35d24ea88a4316b057310) Importer(815301076,1909f56bfc062723c751e8b465ee728b) (PreviewImporter) -> (artifact id: 'f9f1b36baa537c289a10b43d794c5afa') in 0.0548881 seconds
Number of updated asset objects reloaded before import = 0Number of asset objects unloaded after import = 7

========================================================================
Received Import Request.
  Time since last request: 0.000078 seconds.
  path: Assets/SOnNGUYXN/Military/Materials URP/URP_Backpack1_Skin3.mat
  artifactKey: Guid(bc58aa514ab258f4893db2112f1454c6) Importer(815301076,1909f56bfc062723c751e8b465ee728b)
Start importing Assets/SOnNGUYXN/Military/Materials URP/URP_Backpack1_Skin3.mat using Guid(bc58aa514ab258f4893db2112f1454c6) Importer(815301076,1909f56bfc062723c751e8b465ee728b) (PreviewImporter) -> (artifact id: '960e755fd535c9a4a2f4d1d7294058b5') in 0.0419314 seconds
Number of updated asset objects reloaded before import = 0Number of asset objects unloaded after import = 6

========================================================================
Received Prepare
Begin MonoManager ReloadAssembly
- Loaded All Assemblies, in  0.881 seconds
'Packages/com.unity.render-pipelines.high-definition/Editor/Wizard/HDWizard.UIElement.cs' contains partial class of Unity.Object, exactly 1 of the partial classes needs to be in a file with the same filename. This is to know the one that can be referenced from ie. GameObjects
'Packages/com.unity.render-pipelines.high-definition/Editor/Wizard/HDWizard.Configuration.cs' contains partial class of Unity.Object, exactly 1 of the partial classes needs to be in a file with the same filename. This is to know the one that can be referenced from ie. GameObjects
'Packages/com.unity.render-pipelines.high-definition/Editor/Wizard/HDWizard.Window.cs' contains partial class of Unity.Object, exactly 1 of the partial classes needs to be in a file with the same filename. This is to know the one that can be referenced from ie. GameObjects
Refreshing native plugins compatible for Editor in 0.76 ms, found 3 plugins.
Native extension for Android target not found
Native extension for WindowsStandalone target not found
Mono: successfully reloaded assembly
- Finished resetting the current domain, in  0.834 seconds
Domain Reload Profiling: 1719ms
	BeginReloadAssembly (268ms)
		ExecutionOrderSort (0ms)
		DisableScriptedObjects (19ms)
		BackupInstance (0ms)
		ReleaseScriptingObjects (0ms)
		CreateAndSetChildDomain (81ms)
	RebuildCommonClasses (44ms)
	RebuildNativeTypeToScriptingClass (11ms)
	initialDomainReloadingComplete (24ms)
	LoadAllAssembliesAndSetupDomain (538ms)
		LoadAssemblies (417ms)
		RebuildTransferFunctionScriptingTraits (0ms)
		AnalyzeDomain (233ms)
			TypeCache.Refresh (9ms)
				TypeCache.ScanAssembly (0ms)
			BuildScriptInfoCaches (204ms)
			ResolveRequiredComponents (14ms)
	FinalizeReload (835ms)
		ReleaseScriptCaches (0ms)
		RebuildScriptCaches (0ms)
		SetupLoadedEditorAssemblies (655ms)
			LogAssemblyErrors (0ms)
			InitializePlatformSupportModulesInManaged (9ms)
			SetLoadedEditorAssemblies (4ms)
			BeforeProcessingInitializeOnLoad (143ms)
			ProcessInitializeOnLoadAttributes (417ms)
			ProcessInitializeOnLoadMethodAttributes (80ms)
			AfterProcessingInitializeOnLoad (1ms)
			EditorAssembliesLoaded (0ms)
		ExecutionOrderSort2 (0ms)
		AwakeInstancesAfterBackupRestoration (13ms)
Refreshing native plugins compatible for Editor in 1.52 ms, found 3 plugins.
Preloading 0 native plugins for Editor in 0.00 ms.
Unloading 165 Unused Serialized files (Serialized files now loaded: 0)
Unloading 7678 unused Assets / (21.5 MB). Loaded Objects now: 8438.
Memory consumption went from 236.2 MB to 214.7 MB.
Total: 22.634900 ms (FindLiveObjects: 1.460300 ms CreateObjectMapping: 1.408500 ms MarkObjects: 9.512300 ms  DeleteObjects: 10.250800 ms)

Prepare: number of updated asset objects reloaded= 0
========================================================================
Received Import Request.
  Time since last request: 103.833720 seconds.
  path: Assets/SOnNGUYXN/Military/StarterAssets/ThirdPersonController/Character/Animations/Jump--Jump.anim.fbx
  artifactKey: Guid(98f277b0c8055e143b2fcf058d3c27dc) Importer(815301076,1909f56bfc062723c751e8b465ee728b)
Start importing Assets/SOnNGUYXN/Military/StarterAssets/ThirdPersonController/Character/Animations/Jump--Jump.anim.fbx using Guid(98f277b0c8055e143b2fcf058d3c27dc) Importer(815301076,1909f56bfc062723c751e8b465ee728b) (PreviewImporter) -> (artifact id: 'fac4ce1a587d3e8f418e6bc0cfd9a86b') in 0.082493 seconds
Number of updated asset objects reloaded before import = 0Number of asset objects unloaded after import = 144

========================================================================
Received Import Request.
  Time since last request: 0.000028 seconds.
  path: Assets/SOnNGUYXN/Military/StarterAssets/ThirdPersonController/Character/Animations/Locomotion--Run_N_Land.anim.fbx
  artifactKey: Guid(3c033631149b9c541bcf155cd94cccba) Importer(815301076,1909f56bfc062723c751e8b465ee728b)
Start importing Assets/SOnNGUYXN/Military/StarterAssets/ThirdPersonController/Character/Animations/Locomotion--Run_N_Land.anim.fbx using Guid(3c033631149b9c541bcf155cd94cccba) Importer(815301076,1909f56bfc062723c751e8b465ee728b) (PreviewImporter) -> (artifact id: '6787f705776b56c61680dd97fa84d63a') in 0.0076273 seconds
Number of updated asset objects reloaded before import = 0Number of asset objects unloaded after import = 143

========================================================================
Received Import Request.
  Time since last request: 0.000044 seconds.
  path: Assets/SOnNGUYXN/Military/StarterAssets/ThirdPersonController/Character/Animations/Locomotion--Walk_N.anim.fbx
  artifactKey: Guid(8269a9f8cf495034c817722ac21f309f) Importer(815301076,1909f56bfc062723c751e8b465ee728b)
Start importing Assets/SOnNGUYXN/Military/StarterAssets/ThirdPersonController/Character/Animations/Locomotion--Walk_N.anim.fbx using Guid(8269a9f8cf495034c817722ac21f309f) Importer(815301076,1909f56bfc062723c751e8b465ee728b) (PreviewImporter) -> (artifact id: 'be623a348a26e20fb42f1ca806a7d2c4') in 0.007313 seconds
Number of updated asset objects reloaded before import = 0Number of asset objects unloaded after import = 143

========================================================================
Received Import Request.
  Time since last request: 5.987990 seconds.
  path: Assets/SOnNGUYXN/Military/Texture/Body/T_Military_Eyes1_normal.png
  artifactKey: Guid(ed5c12b1f978c20458b008a0820c5f7d) Importer(815301076,1909f56bfc062723c751e8b465ee728b)
Start importing Assets/SOnNGUYXN/Military/Texture/Body/T_Military_Eyes1_normal.png using Guid(ed5c12b1f978c20458b008a0820c5f7d) Importer(815301076,1909f56bfc062723c751e8b465ee728b) (PreviewImporter) -> (artifact id: '4503380b302f2bacf2e28f398310933e') in 0.0818401 seconds
Number of updated asset objects reloaded before import = 0Number of asset objects unloaded after import = 2

========================================================================
Received Import Request.
  Time since last request: 0.000045 seconds.
  path: Assets/SOnNGUYXN/Military/Texture/Body/T_Military_Head1_color.png
  artifactKey: Guid(015bbd3592785c44291c22979bc11c93) Importer(815301076,1909f56bfc062723c751e8b465ee728b)
Start importing Assets/SOnNGUYXN/Military/Texture/Body/T_Military_Head1_color.png using Guid(015bbd3592785c44291c22979bc11c93) Importer(815301076,1909f56bfc062723c751e8b465ee728b) (PreviewImporter) -> (artifact id: '7d7d55156304142e38be212ae647aa1e') in 0.0295374 seconds
Number of updated asset objects reloaded before import = 0Number of asset objects unloaded after import = 2

========================================================================
Received Import Request.
  Time since last request: 0.000040 seconds.
  path: Assets/SOnNGUYXN/Military/Texture/Body/T_Military_Head1_ao.png
  artifactKey: Guid(b9d36d1ce62c19a4ca3cc90f4cc60c6b) Importer(815301076,1909f56bfc062723c751e8b465ee728b)
Start importing Assets/SOnNGUYXN/Military/Texture/Body/T_Military_Head1_ao.png using Guid(b9d36d1ce62c19a4ca3cc90f4cc60c6b) Importer(815301076,1909f56bfc062723c751e8b465ee728b) (PreviewImporter) -> (artifact id: '8d5bc9ade8cdd181fef3ee0926830e27') in 0.0255138 seconds
Number of updated asset objects reloaded before import = 0Number of asset objects unloaded after import = 2

========================================================================
Received Import Request.
  Time since last request: 0.534956 seconds.
  path: Assets/SOnNGUYXN/Military/Texture/Bottom/T_Military_Boots3_metalness.png
  artifactKey: Guid(e03880e5be09bf84dae9c2cba3984bbe) Importer(815301076,1909f56bfc062723c751e8b465ee728b)
Start importing Assets/SOnNGUYXN/Military/Texture/Bottom/T_Military_Boots3_metalness.png using Guid(e03880e5be09bf84dae9c2cba3984bbe) Importer(815301076,1909f56bfc062723c751e8b465ee728b) (PreviewImporter) -> (artifact id: 'c0cb94e6b01817f051c3550f8a90e1b7') in 0.0227828 seconds
Number of updated asset objects reloaded before import = 0Number of asset objects unloaded after import = 2

========================================================================
Received Import Request.
  Time since last request: 0.000023 seconds.
  path: Assets/SOnNGUYXN/Military/Texture/Bottom/T_Military_Pants2_color_skin1.png
  artifactKey: Guid(9a9b40a7cea1e7e4184b00136abed861) Importer(815301076,1909f56bfc062723c751e8b465ee728b)
Start importing Assets/SOnNGUYXN/Military/Texture/Bottom/T_Military_Pants2_color_skin1.png using Guid(9a9b40a7cea1e7e4184b00136abed861) Importer(815301076,1909f56bfc062723c751e8b465ee728b) (PreviewImporter) -> (artifact id: 'dd6a6df51f4f1c1bfbcbe66b8d35742d') in 0.0252459 seconds
Number of updated asset objects reloaded before import = 0Number of asset objects unloaded after import = 2

========================================================================
Received Import Request.
  Time since last request: 0.000042 seconds.
  path: Assets/SOnNGUYXN/Military/Texture/Bottom/T_Military_Pants2_rough.png
  artifactKey: Guid(c59a4a3e6fe053c42bb93b410f02a3f5) Importer(815301076,1909f56bfc062723c751e8b465ee728b)
Start importing Assets/SOnNGUYXN/Military/Texture/Bottom/T_Military_Pants2_rough.png using Guid(c59a4a3e6fe053c42bb93b410f02a3f5) Importer(815301076,1909f56bfc062723c751e8b465ee728b) (PreviewImporter) -> (artifact id: '4f45fd36c779f25bcb5a56c130f7a682') in 0.0241493 seconds
Number of updated asset objects reloaded before import = 0Number of asset objects unloaded after import = 2

========================================================================
Received Import Request.
  Time since last request: 0.000023 seconds.
  path: Assets/SOnNGUYXN/Military/Texture/Bottom/T_Military_Boots3_Skin2_color.png
  artifactKey: Guid(2fedf03944127ff4d8b35f934fda910a) Importer(815301076,1909f56bfc062723c751e8b465ee728b)
Start importing Assets/SOnNGUYXN/Military/Texture/Bottom/T_Military_Boots3_Skin2_color.png using Guid(2fedf03944127ff4d8b35f934fda910a) Importer(815301076,1909f56bfc062723c751e8b465ee728b) (PreviewImporter) -> (artifact id: 'c9bc7b0bf4c2c1bb42487f3ef4fd82c7') in 0.0258186 seconds
Number of updated asset objects reloaded before import = 0Number of asset objects unloaded after import = 2

========================================================================
Received Import Request.
  Time since last request: 0.000044 seconds.
  path: Assets/SOnNGUYXN/Military/Texture/Bottom/T_Military_Pants2_metalness.png
  artifactKey: Guid(a4890ca3b87f50846852cf8b2c6361fc) Importer(815301076,1909f56bfc062723c751e8b465ee728b)
Start importing Assets/SOnNGUYXN/Military/Texture/Bottom/T_Military_Pants2_metalness.png using Guid(a4890ca3b87f50846852cf8b2c6361fc) Importer(815301076,1909f56bfc062723c751e8b465ee728b) (PreviewImporter) -> (artifact id: 'f03f809f3187d4486f461e8dd514d32c') in 0.0236227 seconds
Number of updated asset objects reloaded before import = 0Number of asset objects unloaded after import = 2

========================================================================
Received Import Request.
  Time since last request: 0.423173 seconds.
  path: Assets/SOnNGUYXN/Military/Texture/FPS_Arms/T_Military_Hands3_color_skin1.png
  artifactKey: Guid(c0961da00b21e7b4cb4d9435b4bfd29d) Importer(815301076,1909f56bfc062723c751e8b465ee728b)
Start importing Assets/SOnNGUYXN/Military/Texture/FPS_Arms/T_Military_Hands3_color_skin1.png using Guid(c0961da00b21e7b4cb4d9435b4bfd29d) Importer(815301076,1909f56bfc062723c751e8b465ee728b) (PreviewImporter) -> (artifact id: 'f924de415bd48cbb39c9ca9f1f0c4c99') in 0.0271522 seconds
Number of updated asset objects reloaded before import = 0Number of asset objects unloaded after import = 2

========================================================================
Received Import Request.
  Time since last request: 0.484139 seconds.
  path: Assets/SOnNGUYXN/Military/Texture/Top/T_Military_Caps1_metalness.png
  artifactKey: Guid(59b46fefdb8061b4485c5749ad3683e1) Importer(815301076,1909f56bfc062723c751e8b465ee728b)
Start importing Assets/SOnNGUYXN/Military/Texture/Top/T_Military_Caps1_metalness.png using Guid(59b46fefdb8061b4485c5749ad3683e1) Importer(815301076,1909f56bfc062723c751e8b465ee728b) (PreviewImporter) -> (artifact id: '38b5e8674641b0d5a3c6ea290106ed6b') in 0.0243519 seconds
Number of updated asset objects reloaded before import = 0Number of asset objects unloaded after import = 2

========================================================================
Received Import Request.
  Time since last request: 0.000021 seconds.
  path: Assets/SOnNGUYXN/Military/Texture/Top/T_Military_Shirt3_Skin3_color.png
  artifactKey: Guid(9878fef611633ff45af9a501cf14adb4) Importer(815301076,1909f56bfc062723c751e8b465ee728b)
Start importing Assets/SOnNGUYXN/Military/Texture/Top/T_Military_Shirt3_Skin3_color.png using Guid(9878fef611633ff45af9a501cf14adb4) Importer(815301076,1909f56bfc062723c751e8b465ee728b) (PreviewImporter) -> (artifact id: '38ff6cbfe298e6336c418177f7708a18') in 0.0227616 seconds
Number of updated asset objects reloaded before import = 0Number of asset objects unloaded after import = 2

========================================================================
Received Import Request.
  Time since last request: 0.000034 seconds.
  path: Assets/SOnNGUYXN/Military/Texture/Top/T_Military_Shirt3_ao.png
  artifactKey: Guid(8fab7c1d184c98d4eb2c25e1b6a41286) Importer(815301076,1909f56bfc062723c751e8b465ee728b)
Start importing Assets/SOnNGUYXN/Military/Texture/Top/T_Military_Shirt3_ao.png using Guid(8fab7c1d184c98d4eb2c25e1b6a41286) Importer(815301076,1909f56bfc062723c751e8b465ee728b) (PreviewImporter) -> (artifact id: '50cbeaca627e03aebad7d83ccc7cac68') in 0.0272366 seconds
Number of updated asset objects reloaded before import = 0Number of asset objects unloaded after import = 2

========================================================================
Received Import Request.
  Time since last request: 0.000072 seconds.
  path: Assets/SOnNGUYXN/Military/Texture/Top/T_Military_Caps1_Skin1_color.png
  artifactKey: Guid(7893b735d58c637419a3cb589bb0ada4) Importer(815301076,1909f56bfc062723c751e8b465ee728b)
Start importing Assets/SOnNGUYXN/Military/Texture/Top/T_Military_Caps1_Skin1_color.png using Guid(7893b735d58c637419a3cb589bb0ada4) Importer(815301076,1909f56bfc062723c751e8b465ee728b) (PreviewImporter) -> (artifact id: 'eefe0bd336f735991c7b1282e5dee334') in 0.0276841 seconds
Number of updated asset objects reloaded before import = 0Number of asset objects unloaded after import = 2

========================================================================
Received Import Request.
  Time since last request: 0.000069 seconds.
  path: Assets/SOnNGUYXN/Military/Texture/Top/T_Military_Shirt3_Skin1_color.png
  artifactKey: Guid(f6fb9df16e157804590e9c7b8b63df84) Importer(815301076,1909f56bfc062723c751e8b465ee728b)
Start importing Assets/SOnNGUYXN/Military/Texture/Top/T_Military_Shirt3_Skin1_color.png using Guid(f6fb9df16e157804590e9c7b8b63df84) Importer(815301076,1909f56bfc062723c751e8b465ee728b) (PreviewImporter) -> (artifact id: '59ee8379fffd96c1730c72f56d091a7e') in 0.0242942 seconds
Number of updated asset objects reloaded before import = 0Number of asset objects unloaded after import = 2

========================================================================
Received Import Request.
  Time since last request: 0.570894 seconds.
  path: Assets/SOnNGUYXN/Military/Texture/Equip/T_Military_Backpack1_color_skin1.png
  artifactKey: Guid(24e1524af7b1ad64fb6f33ad17cb8478) Importer(815301076,1909f56bfc062723c751e8b465ee728b)
Start importing Assets/SOnNGUYXN/Military/Texture/Equip/T_Military_Backpack1_color_skin1.png using Guid(24e1524af7b1ad64fb6f33ad17cb8478) Importer(815301076,1909f56bfc062723c751e8b465ee728b) (PreviewImporter) -> (artifact id: '7e5a1cf2ed55759a0286d714123d64bb') in 0.0269485 seconds
Number of updated asset objects reloaded before import = 0Number of asset objects unloaded after import = 2

========================================================================
Received Import Request.
  Time since last request: 0.000025 seconds.
  path: Assets/SOnNGUYXN/Military/Texture/Equip/T_Military_Vest1_ao.png
  artifactKey: Guid(4790aaab7963f7d4d8e38804141b94f8) Importer(815301076,1909f56bfc062723c751e8b465ee728b)
Start importing Assets/SOnNGUYXN/Military/Texture/Equip/T_Military_Vest1_ao.png using Guid(4790aaab7963f7d4d8e38804141b94f8) Importer(815301076,1909f56bfc062723c751e8b465ee728b) (PreviewImporter) -> (artifact id: 'ea9a70c384132ac87b9b9e6fc0afd20b') in 0.0252625 seconds
Number of updated asset objects reloaded before import = 0Number of asset objects unloaded after import = 2

========================================================================
Received Import Request.
  Time since last request: 0.000020 seconds.
  path: Assets/SOnNGUYXN/Military/Texture/Equip/T_Military_Pouches1_Skin1_color.png
  artifactKey: Guid(47e6600053d86024dbfe26d9b53a7708) Importer(815301076,1909f56bfc062723c751e8b465ee728b)
Start importing Assets/SOnNGUYXN/Military/Texture/Equip/T_Military_Pouches1_Skin1_color.png using Guid(47e6600053d86024dbfe26d9b53a7708) Importer(815301076,1909f56bfc062723c751e8b465ee728b) (PreviewImporter) -> (artifact id: '182e5c30f285cf6e4adf4735000dc068') in 0.0264561 seconds
Number of updated asset objects reloaded before import = 0Number of asset objects unloaded after import = 2

========================================================================
Received Import Request.
  Time since last request: 0.000020 seconds.
  path: Assets/SOnNGUYXN/Military/Texture/Equip/T_Military_Gloves1_rough.png
  artifactKey: Guid(01249ad885098a948bfbf6099bdc7796) Importer(815301076,1909f56bfc062723c751e8b465ee728b)
Start importing Assets/SOnNGUYXN/Military/Texture/Equip/T_Military_Gloves1_rough.png using Guid(01249ad885098a948bfbf6099bdc7796) Importer(815301076,1909f56bfc062723c751e8b465ee728b) (PreviewImporter) -> (artifact id: '40db93bbf47600ed8497d336c009e3c8') in 0.0211212 seconds
Number of updated asset objects reloaded before import = 0Number of asset objects unloaded after import = 2

========================================================================
Received Import Request.
  Time since last request: 0.000048 seconds.
  path: Assets/SOnNGUYXN/Military/Texture/Equip/T_Military_Gloves1_color_skin2.png
  artifactKey: Guid(25ffb7274ee8edd4297e1f877021ba20) Importer(815301076,1909f56bfc062723c751e8b465ee728b)
Start importing Assets/SOnNGUYXN/Military/Texture/Equip/T_Military_Gloves1_color_skin2.png using Guid(25ffb7274ee8edd4297e1f877021ba20) Importer(815301076,1909f56bfc062723c751e8b465ee728b) (PreviewImporter) -> (artifact id: '29c208f4018b0b860f2bdbb578a401a9') in 0.0256127 seconds
Number of updated asset objects reloaded before import = 0Number of asset objects unloaded after import = 2

========================================================================
Received Import Request.
  Time since last request: 0.000037 seconds.
  path: Assets/SOnNGUYXN/Military/Texture/Equip/T_Military_Backpack1_color_skin4.png
  artifactKey: Guid(26fb4a5185ddebf43bfc897b08ef4d4e) Importer(815301076,1909f56bfc062723c751e8b465ee728b)
Start importing Assets/SOnNGUYXN/Military/Texture/Equip/T_Military_Backpack1_color_skin4.png using Guid(26fb4a5185ddebf43bfc897b08ef4d4e) Importer(815301076,1909f56bfc062723c751e8b465ee728b) (PreviewImporter) -> (artifact id: 'e4df87b03edf2cb7e679e6cb572901d1') in 0.0261918 seconds
Number of updated asset objects reloaded before import = 0Number of asset objects unloaded after import = 2

========================================================================
Received Import Request.
  Time since last request: 0.000046 seconds.
  path: Assets/SOnNGUYXN/Military/Texture/Equip/T_Military_Gloves1_color_skin1.png
  artifactKey: Guid(3e45fffb71f825445863ecd6ef0932e0) Importer(815301076,1909f56bfc062723c751e8b465ee728b)
Start importing Assets/SOnNGUYXN/Military/Texture/Equip/T_Military_Gloves1_color_skin1.png using Guid(3e45fffb71f825445863ecd6ef0932e0) Importer(815301076,1909f56bfc062723c751e8b465ee728b) (PreviewImporter) -> (artifact id: '359881d58a3e259477c19bb3030dfa6b') in 0.0255186 seconds
Number of updated asset objects reloaded before import = 0Number of asset objects unloaded after import = 2

========================================================================
Received Import Request.
  Time since last request: 0.000042 seconds.
  path: Assets/SOnNGUYXN/Military/Texture/Equip/T_Military_Pouches1_metalness.png
  artifactKey: Guid(a0791406fcdb8824197d12a09fa4ae6b) Importer(815301076,1909f56bfc062723c751e8b465ee728b)
Start importing Assets/SOnNGUYXN/Military/Texture/Equip/T_Military_Pouches1_metalness.png using Guid(a0791406fcdb8824197d12a09fa4ae6b) Importer(815301076,1909f56bfc062723c751e8b465ee728b) (PreviewImporter) -> (artifact id: '59c26eefbb35d06dea75585933457c1e') in 0.0267904 seconds
Number of updated asset objects reloaded before import = 0Number of asset objects unloaded after import = 2

========================================================================
Received Import Request.
  Time since last request: 0.000088 seconds.
  path: Assets/SOnNGUYXN/Military/Texture/Equip/T_Military_Vest1_rough.png
  artifactKey: Guid(95f303bfb261c4649a356574795c8561) Importer(815301076,1909f56bfc062723c751e8b465ee728b)
Start importing Assets/SOnNGUYXN/Military/Texture/Equip/T_Military_Vest1_rough.png using Guid(95f303bfb261c4649a356574795c8561) Importer(815301076,1909f56bfc062723c751e8b465ee728b) (PreviewImporter) -> (artifact id: '42662f21ac02debf0b555f28d80c50ac') in 0.026892 seconds
Number of updated asset objects reloaded before import = 0Number of asset objects unloaded after import = 2

Editor requested this worker to shutdown with reason: Scaling down because of idle timeout
AssetImportWorker is now disconnected from the server
Process exiting
Exiting without the bug reporter. Application will terminate with return code 0