Using pre-set license
Built from '6000.1/staging' branch; Version is '6000.1.3f1 (f34db9734971) revision 15945145'; Using compiler version '194234433'; Build Type 'Release'
OS: 'Windows 11  (10.0.26100) 64bit CoreSingleLanguage' Language: 'en' Physical Memory: 16085 MB
BatchMode: 1, IsHumanControllingUs: 0, StartBugReporterOnCrash: 0, Is64bit: 1, IsPro: 1
Date: 2025-05-29T16:25:36Z

COMMAND LINE ARGUMENTS:
D:\UnityHub\Unity Hub\2022.3.51f1\6000.1.3f1\Editor\Unity.exe
-adb2
-batchMode
-noUpm
-name
AssetImportWorker1
-projectPath
D:/Project-Guthub/Game3DNangCaoSinhTon/Game3DASM
-logFile
Logs/AssetImportWorker1.log
-srvPort
49895
-job-worker-count
5
-background-job-worker-count
8
-gc-helper-count
1
-name
AssetImport
Successfully changed project path to: D:/Project-Guthub/Game3DNangCaoSinhTon/Game3DASM
D:/Project-Guthub/Game3DNangCaoSinhTon/Game3DASM
[UnityMemory] Configuration Parameters - Can be set up in boot.config
    "memorysetup-allocator-temp-initial-block-size-main=262144"
    "memorysetup-allocator-temp-initial-block-size-worker=262144"
    "memorysetup-bucket-allocator-granularity=16"
    "memorysetup-bucket-allocator-bucket-count=8"
    "memorysetup-bucket-allocator-block-size=33554432"
    "memorysetup-bucket-allocator-block-count=8"
    "memorysetup-main-allocator-block-size=16777216"
    "memorysetup-thread-allocator-block-size=16777216"
    "memorysetup-gfx-main-allocator-block-size=16777216"
    "memorysetup-gfx-thread-allocator-block-size=16777216"
    "memorysetup-cache-allocator-block-size=4194304"
    "memorysetup-typetree-allocator-block-size=2097152"
    "memorysetup-profiler-bucket-allocator-granularity=16"
    "memorysetup-profiler-bucket-allocator-bucket-count=8"
    "memorysetup-profiler-bucket-allocator-block-size=33554432"
    "memorysetup-profiler-bucket-allocator-block-count=8"
    "memorysetup-profiler-allocator-block-size=16777216"
    "memorysetup-profiler-editor-allocator-block-size=1048576"
    "memorysetup-temp-allocator-size-main=16777216"
    "memorysetup-job-temp-allocator-block-size=2097152"
    "memorysetup-job-temp-allocator-block-size-background=1048576"
    "memorysetup-job-temp-allocator-reduction-small-platforms=262144"
    "memorysetup-temp-allocator-size-background-worker=32768"
    "memorysetup-temp-allocator-size-job-worker=262144"
    "memorysetup-temp-allocator-size-preload-manager=33554432"
    "memorysetup-temp-allocator-size-nav-mesh-worker=65536"
    "memorysetup-temp-allocator-size-audio-worker=65536"
    "memorysetup-temp-allocator-size-cloud-worker=32768"
    "memorysetup-temp-allocator-size-gi-baking-worker=262144"
    "memorysetup-temp-allocator-size-gi-baking-worker=262144"
    "memorysetup-temp-allocator-size-gi-baking-worker=262144"
    "memorysetup-temp-allocator-size-gi-baking-worker=262144"
    "memorysetup-temp-allocator-size-gi-baking-worker=262144"
    "memorysetup-temp-allocator-size-gfx=262144"
Player connection [17692]  Target information:

Player connection [17692]  * "[IP] 192.168.2.64 [Port] 0 [Flags] 2 [Guid] 1561424908 [EditorId] 1561424908 [Version] 1048832 [Id] WindowsEditor(7,MSI) [Debug] 1 [PackageName] WindowsEditor [ProjectName] Editor" 

Player connection [17692] Host joined multi-casting on [225.0.0.222:54997]...
Player connection [17692] Host joined alternative multi-casting on [225.0.0.222:34997]...
JobSystem: Creating JobQueue using job-worker-count value 5
Input System module state changed to: Initialized.
[Physics::Module] Initialized fallback backend.
[Physics::Module] Id: 0xdecafbad
Library Redirect Path: Library/
[Physics::Module] Selected backend.
[Physics::Module] Name: PhysX
[Physics::Module] Id: 0xf2b8ea05
[Physics::Module] SDK Version: 4.1.2
[Physics::Module] Integration Version: 1.0.0
[Physics::Module] Threading Mode: Multi-Threaded
Refreshing native plugins compatible for Editor in 2.24 ms, found 3 plugins.
Preloading 0 native plugins for Editor in 0.00 ms.
Initialize engine version: 6000.1.3f1 (f34db9734971)
[Subsystems] Discovering subsystems at path D:/UnityHub/Unity Hub/2022.3.51f1/6000.1.3f1/Editor/Data/Resources/UnitySubsystems
[Subsystems] Discovering subsystems at path D:/Project-Guthub/Game3DNangCaoSinhTon/Game3DASM/Assets
GfxDevice: creating device client; kGfxThreadingModeNonThreaded
Direct3D:
    Version:         Direct3D 12 [level 12.1]
    Renderer:        NVIDIA GeForce RTX 4050 Laptop GPU (ID=0x28a1)
    Vendor:          NVIDIA
    VRAM:            5921 MB
    App VRAM Budget: 5153 MB
    Driver:          32.0.15.7652
Initialize mono
Mono path[0] = 'D:/UnityHub/Unity Hub/2022.3.51f1/6000.1.3f1/Editor/Data/Managed'
Mono path[1] = 'D:/UnityHub/Unity Hub/2022.3.51f1/6000.1.3f1/Editor/Data/MonoBleedingEdge/lib/mono/unityjit-win32'
Mono config path = 'D:/UnityHub/Unity Hub/2022.3.51f1/6000.1.3f1/Editor/Data/MonoBleedingEdge/etc'
Using monoOptions --debugger-agent=transport=dt_socket,embedding=1,server=y,suspend=n,address=127.0.0.1:56596
Begin MonoManager ReloadAssembly
Registering precompiled unity dll's ...
Register platform support module: D:/UnityHub/Unity Hub/2022.3.51f1/6000.1.3f1/Editor/Data/PlaybackEngines/WindowsStandaloneSupport/UnityEditor.WindowsStandalone.Extensions.dll
Register platform support module: D:/UnityHub/Unity Hub/2022.3.51f1/6000.1.3f1/Editor/Data/PlaybackEngines/AndroidPlayer/UnityEditor.Android.Extensions.dll
Registered in 0.001503 seconds.
- Loaded All Assemblies, in  0.410 seconds
Native extension for Android target not found
Android Extension - Scanning For ADB Devices 322 ms
Native extension for WindowsStandalone target not found
Mono: successfully reloaded assembly
- Finished resetting the current domain, in  0.816 seconds
Domain Reload Profiling: 1226ms
	BeginReloadAssembly (149ms)
		ExecutionOrderSort (0ms)
		DisableScriptedObjects (0ms)
		BackupInstance (0ms)
		ReleaseScriptingObjects (0ms)
		CreateAndSetChildDomain (2ms)
	RebuildCommonClasses (36ms)
	RebuildNativeTypeToScriptingClass (11ms)
	initialDomainReloadingComplete (51ms)
	LoadAllAssembliesAndSetupDomain (163ms)
		LoadAssemblies (147ms)
		RebuildTransferFunctionScriptingTraits (0ms)
		AnalyzeDomain (160ms)
			TypeCache.Refresh (158ms)
				TypeCache.ScanAssembly (143ms)
			BuildScriptInfoCaches (0ms)
			ResolveRequiredComponents (1ms)
	FinalizeReload (816ms)
		ReleaseScriptCaches (0ms)
		RebuildScriptCaches (0ms)
		SetupLoadedEditorAssemblies (778ms)
			LogAssemblyErrors (0ms)
			InitializePlatformSupportModulesInManaged (428ms)
			SetLoadedEditorAssemblies (7ms)
			BeforeProcessingInitializeOnLoad (83ms)
			ProcessInitializeOnLoadAttributes (175ms)
			ProcessInitializeOnLoadMethodAttributes (84ms)
			AfterProcessingInitializeOnLoad (0ms)
			EditorAssembliesLoaded (0ms)
		ExecutionOrderSort2 (0ms)
		AwakeInstancesAfterBackupRestoration (0ms)
========================================================================
Worker process is ready to serve import requests
Import Worker Mode flag is 0x00
Begin MonoManager ReloadAssembly
- Loaded All Assemblies, in  1.086 seconds
'Packages/com.unity.render-pipelines.high-definition/Editor/Wizard/HDWizard.UIElement.cs' contains partial class of Unity.Object, exactly 1 of the partial classes needs to be in a file with the same filename. This is to know the one that can be referenced from ie. GameObjects
'Packages/com.unity.render-pipelines.high-definition/Editor/Wizard/HDWizard.Configuration.cs' contains partial class of Unity.Object, exactly 1 of the partial classes needs to be in a file with the same filename. This is to know the one that can be referenced from ie. GameObjects
'Packages/com.unity.render-pipelines.high-definition/Editor/Wizard/HDWizard.Window.cs' contains partial class of Unity.Object, exactly 1 of the partial classes needs to be in a file with the same filename. This is to know the one that can be referenced from ie. GameObjects
Refreshing native plugins compatible for Editor in 0.66 ms, found 3 plugins.
Native extension for Android target not found
Native extension for WindowsStandalone target not found
Mono: successfully reloaded assembly
- Finished resetting the current domain, in  1.021 seconds
Domain Reload Profiling: 2107ms
	BeginReloadAssembly (206ms)
		ExecutionOrderSort (0ms)
		DisableScriptedObjects (7ms)
		BackupInstance (0ms)
		ReleaseScriptingObjects (0ms)
		CreateAndSetChildDomain (32ms)
	RebuildCommonClasses (38ms)
	RebuildNativeTypeToScriptingClass (10ms)
	initialDomainReloadingComplete (40ms)
	LoadAllAssembliesAndSetupDomain (790ms)
		LoadAssemblies (450ms)
		RebuildTransferFunctionScriptingTraits (0ms)
		AnalyzeDomain (463ms)
			TypeCache.Refresh (350ms)
				TypeCache.ScanAssembly (317ms)
			BuildScriptInfoCaches (91ms)
			ResolveRequiredComponents (17ms)
	FinalizeReload (1022ms)
		ReleaseScriptCaches (0ms)
		RebuildScriptCaches (0ms)
		SetupLoadedEditorAssemblies (780ms)
			LogAssemblyErrors (0ms)
			InitializePlatformSupportModulesInManaged (15ms)
			SetLoadedEditorAssemblies (4ms)
			BeforeProcessingInitializeOnLoad (147ms)
			ProcessInitializeOnLoadAttributes (510ms)
			ProcessInitializeOnLoadMethodAttributes (104ms)
			AfterProcessingInitializeOnLoad (1ms)
			EditorAssembliesLoaded (0ms)
		ExecutionOrderSort2 (0ms)
		AwakeInstancesAfterBackupRestoration (6ms)
Launched and connected shader compiler UnityShaderCompiler.exe after 0.02 seconds
Refreshing native plugins compatible for Editor in 1.04 ms, found 3 plugins.
Preloading 0 native plugins for Editor in 0.00 ms.
Unloading 476 Unused Serialized files (Serialized files now loaded: 0)
Unloading 7674 unused Assets / (22.1 MB). Loaded Objects now: 8357.
Memory consumption went from 263.0 MB to 240.9 MB.
Total: 19.541400 ms (FindLiveObjects: 1.338500 ms CreateObjectMapping: 0.830000 ms MarkObjects: 7.056400 ms  DeleteObjects: 10.312900 ms)

========================================================================
Received Import Request.
  Time since last request: 21233.262532 seconds.
  path: Assets/SOnNGUYXN/Military/Materials URP/URP_Pouches1_Skin3.mat
  artifactKey: Guid(b5740b5274315c84c894007d708bdc6c) Importer(815301076,1909f56bfc062723c751e8b465ee728b)
Start importing Assets/SOnNGUYXN/Military/Materials URP/URP_Pouches1_Skin3.mat using Guid(b5740b5274315c84c894007d708bdc6c) Importer(815301076,1909f56bfc062723c751e8b465ee728b) (PreviewImporter) -> (artifact id: 'b9db1e72238191bf49ea8e20a93b4aae') in 1.206385 seconds
Number of updated asset objects reloaded before import = 0Number of asset objects unloaded after import = 332

========================================================================
Received Import Request.
  Time since last request: 0.000122 seconds.
  path: Assets/SOnNGUYXN/Military/Materials HDRP/HDRP_Pouches1_Skin2.mat
  artifactKey: Guid(85f31a9731bc6934b8bbde32e3362dfa) Importer(815301076,1909f56bfc062723c751e8b465ee728b)
Start importing Assets/SOnNGUYXN/Military/Materials HDRP/HDRP_Pouches1_Skin2.mat using Guid(85f31a9731bc6934b8bbde32e3362dfa) Importer(815301076,1909f56bfc062723c751e8b465ee728b) (PreviewImporter) -> (artifact id: '45ecae13dfe7907a9048dfbd10eb0209') in 0.0720847 seconds
Number of updated asset objects reloaded before import = 0Number of asset objects unloaded after import = 7

========================================================================
Received Import Request.
  Time since last request: 0.000085 seconds.
  path: Assets/SOnNGUYXN/Military/Materials HDRP/HDRP_Shirt3_Skin2.mat
  artifactKey: Guid(045cb93dc7a0e034c804738ca833942b) Importer(815301076,1909f56bfc062723c751e8b465ee728b)
Start importing Assets/SOnNGUYXN/Military/Materials HDRP/HDRP_Shirt3_Skin2.mat using Guid(045cb93dc7a0e034c804738ca833942b) Importer(815301076,1909f56bfc062723c751e8b465ee728b) (PreviewImporter) -> (artifact id: '5fe387f92c7f2597a3ef08e6eec7a440') in 0.0429809 seconds
Number of updated asset objects reloaded before import = 0Number of asset objects unloaded after import = 7

========================================================================
Received Import Request.
  Time since last request: 0.000048 seconds.
  path: Assets/SOnNGUYXN/Military/Materials HDRP/HDRP_Cap1_Skin2.mat
  artifactKey: Guid(76c552f98f0f48f4fa5d280ae5a7978f) Importer(815301076,1909f56bfc062723c751e8b465ee728b)
Start importing Assets/SOnNGUYXN/Military/Materials HDRP/HDRP_Cap1_Skin2.mat using Guid(76c552f98f0f48f4fa5d280ae5a7978f) Importer(815301076,1909f56bfc062723c751e8b465ee728b) (PreviewImporter) -> (artifact id: '89bb5c9c387171f84678588ae6174fc5') in 0.0520249 seconds
Number of updated asset objects reloaded before import = 0Number of asset objects unloaded after import = 7

========================================================================
Received Import Request.
  Time since last request: 0.000068 seconds.
  path: Assets/SOnNGUYXN/Military/Materials URP/URP_Backpack1_Skin4.mat
  artifactKey: Guid(1ddc53d882c351049bd35d969f8dc0bd) Importer(815301076,1909f56bfc062723c751e8b465ee728b)
Start importing Assets/SOnNGUYXN/Military/Materials URP/URP_Backpack1_Skin4.mat using Guid(1ddc53d882c351049bd35d969f8dc0bd) Importer(815301076,1909f56bfc062723c751e8b465ee728b) (PreviewImporter) -> (artifact id: 'e5a40cafc8b1844fa46290022b79807f') in 0.0617402 seconds
Number of updated asset objects reloaded before import = 0Number of asset objects unloaded after import = 6

========================================================================
Received Import Request.
  Time since last request: 0.000058 seconds.
  path: Assets/SOnNGUYXN/Military/Materials URP/URP_Cap1_Skin3.mat
  artifactKey: Guid(99af33f982d11b7438d3a673d4c1c817) Importer(815301076,1909f56bfc062723c751e8b465ee728b)
Start importing Assets/SOnNGUYXN/Military/Materials URP/URP_Cap1_Skin3.mat using Guid(99af33f982d11b7438d3a673d4c1c817) Importer(815301076,1909f56bfc062723c751e8b465ee728b) (PreviewImporter) -> (artifact id: 'dd6b85092e36a6cbeeacf3f2a1d7e7e7') in 0.0623644 seconds
Number of updated asset objects reloaded before import = 0Number of asset objects unloaded after import = 6

========================================================================
Received Import Request.
  Time since last request: 0.000086 seconds.
  path: Assets/SOnNGUYXN/Military/Materials URP/URP_Head1.mat
  artifactKey: Guid(e4a33c71948b6a846b08d647bb62280c) Importer(815301076,1909f56bfc062723c751e8b465ee728b)
Start importing Assets/SOnNGUYXN/Military/Materials URP/URP_Head1.mat using Guid(e4a33c71948b6a846b08d647bb62280c) Importer(815301076,1909f56bfc062723c751e8b465ee728b) (PreviewImporter) -> (artifact id: 'a79f536576843c5efa21ba28319488fa') in 0.0489047 seconds
Number of updated asset objects reloaded before import = 0Number of asset objects unloaded after import = 5

========================================================================
Received Import Request.
  Time since last request: 0.000076 seconds.
  path: Assets/SOnNGUYXN/Military/Materials HDRP/HDRP_Head1.mat
  artifactKey: Guid(fc5116b24a68e04498069328a62df292) Importer(815301076,1909f56bfc062723c751e8b465ee728b)
Start importing Assets/SOnNGUYXN/Military/Materials HDRP/HDRP_Head1.mat using Guid(fc5116b24a68e04498069328a62df292) Importer(815301076,1909f56bfc062723c751e8b465ee728b) (PreviewImporter) -> (artifact id: '2b8373320078c72ab4ddedb00928f719') in 0.0409825 seconds
Number of updated asset objects reloaded before import = 0Number of asset objects unloaded after import = 6

========================================================================
Received Import Request.
  Time since last request: 0.000046 seconds.
  path: Assets/SOnNGUYXN/Military/Materials HDRP/HDRP_Pouches1_Skin1.mat
  artifactKey: Guid(cca72710dfb044345b70d40a625086f4) Importer(815301076,1909f56bfc062723c751e8b465ee728b)
Start importing Assets/SOnNGUYXN/Military/Materials HDRP/HDRP_Pouches1_Skin1.mat using Guid(cca72710dfb044345b70d40a625086f4) Importer(815301076,1909f56bfc062723c751e8b465ee728b) (PreviewImporter) -> (artifact id: '540beabb204967eb3b1ef1aa0a15f443') in 0.047153 seconds
Number of updated asset objects reloaded before import = 0Number of asset objects unloaded after import = 7

========================================================================
Received Import Request.
  Time since last request: 0.000064 seconds.
  path: Assets/SOnNGUYXN/Military/Materials HDRP/HDRP_Gloves1_Skin1.mat
  artifactKey: Guid(a4158358f065f2c42bc1bc8acc850552) Importer(815301076,1909f56bfc062723c751e8b465ee728b)
Start importing Assets/SOnNGUYXN/Military/Materials HDRP/HDRP_Gloves1_Skin1.mat using Guid(a4158358f065f2c42bc1bc8acc850552) Importer(815301076,1909f56bfc062723c751e8b465ee728b) (PreviewImporter) -> (artifact id: 'b424c41f324775662060f25cb7b44183') in 0.0405598 seconds
Number of updated asset objects reloaded before import = 0Number of asset objects unloaded after import = 6

========================================================================
Received Import Request.
  Time since last request: 0.000052 seconds.
  path: Assets/SOnNGUYXN/Military/Materials URP/URP_Pouches1_Skin2.mat
  artifactKey: Guid(a33c80a5b7a874e498ecdce08ccdd177) Importer(815301076,1909f56bfc062723c751e8b465ee728b)
Start importing Assets/SOnNGUYXN/Military/Materials URP/URP_Pouches1_Skin2.mat using Guid(a33c80a5b7a874e498ecdce08ccdd177) Importer(815301076,1909f56bfc062723c751e8b465ee728b) (PreviewImporter) -> (artifact id: '6efed64721339c3b5621bb504b59d40a') in 0.0564767 seconds
Number of updated asset objects reloaded before import = 0Number of asset objects unloaded after import = 6

========================================================================
Received Import Request.
  Time since last request: 0.000052 seconds.
  path: Assets/SOnNGUYXN/Military/Materials URP/URP_Eyes1.mat
  artifactKey: Guid(d2597d236b82606429a6b105ebaca1c7) Importer(815301076,1909f56bfc062723c751e8b465ee728b)
Start importing Assets/SOnNGUYXN/Military/Materials URP/URP_Eyes1.mat using Guid(d2597d236b82606429a6b105ebaca1c7) Importer(815301076,1909f56bfc062723c751e8b465ee728b) (PreviewImporter) -> (artifact id: '5a0e62af1e0f7683f6a78e3621dbc292') in 0.0331236 seconds
Number of updated asset objects reloaded before import = 0Number of asset objects unloaded after import = 3

========================================================================
Received Import Request.
  Time since last request: 0.000056 seconds.
  path: Assets/SOnNGUYXN/Military/Materials HDRP/HDRP_Shirt3_Skin1.mat
  artifactKey: Guid(cbe8630e81bbd4d48bd91e920aaec8db) Importer(815301076,1909f56bfc062723c751e8b465ee728b)
Start importing Assets/SOnNGUYXN/Military/Materials HDRP/HDRP_Shirt3_Skin1.mat using Guid(cbe8630e81bbd4d48bd91e920aaec8db) Importer(815301076,1909f56bfc062723c751e8b465ee728b) (PreviewImporter) -> (artifact id: '046cf7b71b3c5ae8d0a17e910320498e') in 0.0556378 seconds
Number of updated asset objects reloaded before import = 0Number of asset objects unloaded after import = 7

========================================================================
Received Import Request.
  Time since last request: 0.000063 seconds.
  path: Assets/SOnNGUYXN/Military/Materials HDRP/HDRP_Gloves1_Skin2.mat
  artifactKey: Guid(d9e036f8f88a8c04ab5b0e31a4c8ce1c) Importer(815301076,1909f56bfc062723c751e8b465ee728b)
Start importing Assets/SOnNGUYXN/Military/Materials HDRP/HDRP_Gloves1_Skin2.mat using Guid(d9e036f8f88a8c04ab5b0e31a4c8ce1c) Importer(815301076,1909f56bfc062723c751e8b465ee728b) (PreviewImporter) -> (artifact id: '1f7d684755235e88a2798a5608cd04e9') in 0.0430622 seconds
Number of updated asset objects reloaded before import = 0Number of asset objects unloaded after import = 6

========================================================================
Received Import Request.
  Time since last request: 0.000051 seconds.
  path: Assets/SOnNGUYXN/Military/Materials HDRP/HDRP_Cap1_Skin1.mat
  artifactKey: Guid(0391a74cc3107a84f8c186625497d992) Importer(815301076,1909f56bfc062723c751e8b465ee728b)
Start importing Assets/SOnNGUYXN/Military/Materials HDRP/HDRP_Cap1_Skin1.mat using Guid(0391a74cc3107a84f8c186625497d992) Importer(815301076,1909f56bfc062723c751e8b465ee728b) (PreviewImporter) -> (artifact id: '733f1fc35460b46cfb44d507f41e7a15') in 0.0423888 seconds
Number of updated asset objects reloaded before import = 0Number of asset objects unloaded after import = 7

========================================================================
Received Import Request.
  Time since last request: 0.000069 seconds.
  path: Assets/SOnNGUYXN/Military/Materials HDRP/HDRP_Eyes1.mat
  artifactKey: Guid(e2504a63d3943bd489fdadeb20c11138) Importer(815301076,1909f56bfc062723c751e8b465ee728b)
Start importing Assets/SOnNGUYXN/Military/Materials HDRP/HDRP_Eyes1.mat using Guid(e2504a63d3943bd489fdadeb20c11138) Importer(815301076,1909f56bfc062723c751e8b465ee728b) (PreviewImporter) -> (artifact id: '74dc5d27477a30458da1bc8098dc7c4d') in 0.0339085 seconds
Number of updated asset objects reloaded before import = 0Number of asset objects unloaded after import = 4

========================================================================
Received Import Request.
  Time since last request: 0.000097 seconds.
  path: Assets/SOnNGUYXN/Military/Materials HDRP/HDRP_Boots3_Skin1.mat
  artifactKey: Guid(9e0546643c83d104a90ae7ca68392bff) Importer(815301076,1909f56bfc062723c751e8b465ee728b)
Start importing Assets/SOnNGUYXN/Military/Materials HDRP/HDRP_Boots3_Skin1.mat using Guid(9e0546643c83d104a90ae7ca68392bff) Importer(815301076,1909f56bfc062723c751e8b465ee728b) (PreviewImporter) -> (artifact id: '8a94b659000fd5915a0e1641ba15cd40') in 0.0260955 seconds
Number of updated asset objects reloaded before import = 0Number of asset objects unloaded after import = 7

========================================================================
Received Import Request.
  Time since last request: 0.000064 seconds.
  path: Assets/SOnNGUYXN/Military/Materials URP/URP_Vest1_Skin2.mat
  artifactKey: Guid(ab3b0e5ba4264dd4ab18f365c6986aff) Importer(815301076,1909f56bfc062723c751e8b465ee728b)
Start importing Assets/SOnNGUYXN/Military/Materials URP/URP_Vest1_Skin2.mat using Guid(ab3b0e5ba4264dd4ab18f365c6986aff) Importer(815301076,1909f56bfc062723c751e8b465ee728b) (PreviewImporter) -> (artifact id: '403eac2479329282d8706c0913e27518') in 0.0536874 seconds
Number of updated asset objects reloaded before import = 0Number of asset objects unloaded after import = 6

========================================================================
Received Import Request.
  Time since last request: 0.000117 seconds.
  path: Assets/SOnNGUYXN/Military/Materials URP/URP_Pants2_Skin1.mat
  artifactKey: Guid(cc095e0331d4a0946aebfd987c33f600) Importer(815301076,1909f56bfc062723c751e8b465ee728b)
Start importing Assets/SOnNGUYXN/Military/Materials URP/URP_Pants2_Skin1.mat using Guid(cc095e0331d4a0946aebfd987c33f600) Importer(815301076,1909f56bfc062723c751e8b465ee728b) (PreviewImporter) -> (artifact id: 'b3da9001e4518665308cba22551e2315') in 0.0614773 seconds
Number of updated asset objects reloaded before import = 0Number of asset objects unloaded after import = 6

========================================================================
Received Import Request.
  Time since last request: 0.000064 seconds.
  path: Assets/SOnNGUYXN/Military/Materials URP/URP_Cap1_Skin4.mat
  artifactKey: Guid(ccfb5ff9a2f4e8f4c9b8355539a1358f) Importer(815301076,1909f56bfc062723c751e8b465ee728b)
Start importing Assets/SOnNGUYXN/Military/Materials URP/URP_Cap1_Skin4.mat using Guid(ccfb5ff9a2f4e8f4c9b8355539a1358f) Importer(815301076,1909f56bfc062723c751e8b465ee728b) (PreviewImporter) -> (artifact id: 'a3a4a1e768b5355d390ffa98dca94a05') in 0.0691674 seconds
Number of updated asset objects reloaded before import = 0Number of asset objects unloaded after import = 6

========================================================================
Received Prepare
Begin MonoManager ReloadAssembly
- Loaded All Assemblies, in  0.868 seconds
'Packages/com.unity.render-pipelines.high-definition/Editor/Wizard/HDWizard.UIElement.cs' contains partial class of Unity.Object, exactly 1 of the partial classes needs to be in a file with the same filename. This is to know the one that can be referenced from ie. GameObjects
'Packages/com.unity.render-pipelines.high-definition/Editor/Wizard/HDWizard.Configuration.cs' contains partial class of Unity.Object, exactly 1 of the partial classes needs to be in a file with the same filename. This is to know the one that can be referenced from ie. GameObjects
'Packages/com.unity.render-pipelines.high-definition/Editor/Wizard/HDWizard.Window.cs' contains partial class of Unity.Object, exactly 1 of the partial classes needs to be in a file with the same filename. This is to know the one that can be referenced from ie. GameObjects
Refreshing native plugins compatible for Editor in 1.09 ms, found 3 plugins.
Native extension for Android target not found
Native extension for WindowsStandalone target not found
Mono: successfully reloaded assembly
- Finished resetting the current domain, in  0.831 seconds
Domain Reload Profiling: 1704ms
	BeginReloadAssembly (253ms)
		ExecutionOrderSort (0ms)
		DisableScriptedObjects (18ms)
		BackupInstance (0ms)
		ReleaseScriptingObjects (0ms)
		CreateAndSetChildDomain (78ms)
	RebuildCommonClasses (36ms)
	RebuildNativeTypeToScriptingClass (11ms)
	initialDomainReloadingComplete (24ms)
	LoadAllAssembliesAndSetupDomain (549ms)
		LoadAssemblies (407ms)
		RebuildTransferFunctionScriptingTraits (0ms)
		AnalyzeDomain (244ms)
			TypeCache.Refresh (17ms)
				TypeCache.ScanAssembly (0ms)
			BuildScriptInfoCaches (204ms)
			ResolveRequiredComponents (18ms)
	FinalizeReload (831ms)
		ReleaseScriptCaches (0ms)
		RebuildScriptCaches (0ms)
		SetupLoadedEditorAssemblies (642ms)
			LogAssemblyErrors (0ms)
			InitializePlatformSupportModulesInManaged (10ms)
			SetLoadedEditorAssemblies (3ms)
			BeforeProcessingInitializeOnLoad (147ms)
			ProcessInitializeOnLoadAttributes (399ms)
			ProcessInitializeOnLoadMethodAttributes (82ms)
			AfterProcessingInitializeOnLoad (1ms)
			EditorAssembliesLoaded (0ms)
		ExecutionOrderSort2 (0ms)
		AwakeInstancesAfterBackupRestoration (20ms)
Refreshing native plugins compatible for Editor in 1.05 ms, found 3 plugins.
Preloading 0 native plugins for Editor in 0.00 ms.
Unloading 165 Unused Serialized files (Serialized files now loaded: 0)
Unloading 7678 unused Assets / (22.3 MB). Loaded Objects now: 8438.
Memory consumption went from 235.8 MB to 213.5 MB.
Total: 24.348000 ms (FindLiveObjects: 1.135500 ms CreateObjectMapping: 1.141300 ms MarkObjects: 8.172700 ms  DeleteObjects: 13.895700 ms)

Prepare: number of updated asset objects reloaded= 0
Editor requested this worker to shutdown with reason: Scaling down because of idle timeout
AssetImportWorker is now disconnected from the server
Process exiting
Exiting without the bug reporter. Application will terminate with return code 0