Using pre-set license
Built from '6000.1/staging' branch; Version is '6000.1.3f1 (f34db9734971) revision 15945145'; Using compiler version '194234433'; Build Type 'Release'
OS: 'Windows 11  (10.0.26100) 64bit CoreSingleLanguage' Language: 'en' Physical Memory: 16085 MB
BatchMode: 1, IsHumanControllingUs: 0, StartBugReporterOnCrash: 0, Is64bit: 1, IsPro: 1
Date: 2025-05-29T16:22:03Z

COMMAND LINE ARGUMENTS:
D:\UnityHub\Unity Hub\2022.3.51f1\6000.1.3f1\Editor\Unity.exe
-adb2
-batchMode
-noUpm
-name
AssetImportWorker3
-projectPath
D:/Project-Guthub/Game3DNangCaoSinhTon/Game3DASM
-logFile
Logs/AssetImportWorker3.log
-srvPort
64371
-job-worker-count
5
-background-job-worker-count
8
-gc-helper-count
1
-name
AssetImport
Successfully changed project path to: D:/Project-Guthub/Game3DNangCaoSinhTon/Game3DASM
D:/Project-Guthub/Game3DNangCaoSinhTon/Game3DASM
[UnityMemory] Configuration Parameters - Can be set up in boot.config
    "memorysetup-allocator-temp-initial-block-size-main=262144"
    "memorysetup-allocator-temp-initial-block-size-worker=262144"
    "memorysetup-bucket-allocator-granularity=16"
    "memorysetup-bucket-allocator-bucket-count=8"
    "memorysetup-bucket-allocator-block-size=33554432"
    "memorysetup-bucket-allocator-block-count=8"
    "memorysetup-main-allocator-block-size=16777216"
    "memorysetup-thread-allocator-block-size=16777216"
    "memorysetup-gfx-main-allocator-block-size=16777216"
    "memorysetup-gfx-thread-allocator-block-size=16777216"
    "memorysetup-cache-allocator-block-size=4194304"
    "memorysetup-typetree-allocator-block-size=2097152"
    "memorysetup-profiler-bucket-allocator-granularity=16"
    "memorysetup-profiler-bucket-allocator-bucket-count=8"
    "memorysetup-profiler-bucket-allocator-block-size=33554432"
    "memorysetup-profiler-bucket-allocator-block-count=8"
    "memorysetup-profiler-allocator-block-size=16777216"
    "memorysetup-profiler-editor-allocator-block-size=1048576"
    "memorysetup-temp-allocator-size-main=16777216"
    "memorysetup-job-temp-allocator-block-size=2097152"
    "memorysetup-job-temp-allocator-block-size-background=1048576"
    "memorysetup-job-temp-allocator-reduction-small-platforms=262144"
    "memorysetup-temp-allocator-size-background-worker=32768"
    "memorysetup-temp-allocator-size-job-worker=262144"
    "memorysetup-temp-allocator-size-preload-manager=33554432"
    "memorysetup-temp-allocator-size-nav-mesh-worker=65536"
    "memorysetup-temp-allocator-size-audio-worker=65536"
    "memorysetup-temp-allocator-size-cloud-worker=32768"
    "memorysetup-temp-allocator-size-gi-baking-worker=262144"
    "memorysetup-temp-allocator-size-gi-baking-worker=262144"
    "memorysetup-temp-allocator-size-gi-baking-worker=262144"
    "memorysetup-temp-allocator-size-gi-baking-worker=262144"
    "memorysetup-temp-allocator-size-gi-baking-worker=262144"
    "memorysetup-temp-allocator-size-gfx=262144"
Player connection [19628]  Target information:

Player connection [19628]  * "[IP] 192.168.2.64 [Port] 0 [Flags] 2 [Guid] 462894165 [EditorId] 462894165 [Version] 1048832 [Id] WindowsEditor(7,MSI) [Debug] 1 [PackageName] WindowsEditor [ProjectName] Editor" 

Player connection [19628] Host joined multi-casting on [225.0.0.222:54997]...
Player connection [19628] Host joined alternative multi-casting on [225.0.0.222:34997]...
JobSystem: Creating JobQueue using job-worker-count value 5
Input System module state changed to: Initialized.
[Physics::Module] Initialized fallback backend.
[Physics::Module] Id: 0xdecafbad
Library Redirect Path: Library/
[Physics::Module] Selected backend.
[Physics::Module] Name: PhysX
[Physics::Module] Id: 0xf2b8ea05
[Physics::Module] SDK Version: 4.1.2
[Physics::Module] Integration Version: 1.0.0
[Physics::Module] Threading Mode: Multi-Threaded
Refreshing native plugins compatible for Editor in 206.01 ms, found 3 plugins.
Preloading 0 native plugins for Editor in 0.00 ms.
Initialize engine version: 6000.1.3f1 (f34db9734971)
[Subsystems] Discovering subsystems at path D:/UnityHub/Unity Hub/2022.3.51f1/6000.1.3f1/Editor/Data/Resources/UnitySubsystems
[Subsystems] Discovering subsystems at path D:/Project-Guthub/Game3DNangCaoSinhTon/Game3DASM/Assets
GfxDevice: creating device client; kGfxThreadingModeNonThreaded
Direct3D:
    Version:         Direct3D 12 [level 12.1]
    Renderer:        NVIDIA GeForce RTX 4050 Laptop GPU (ID=0x28a1)
    Vendor:          NVIDIA
    VRAM:            5921 MB
    App VRAM Budget: 5153 MB
    Driver:          32.0.15.7652
Initialize mono
Mono path[0] = 'D:/UnityHub/Unity Hub/2022.3.51f1/6000.1.3f1/Editor/Data/Managed'
Mono path[1] = 'D:/UnityHub/Unity Hub/2022.3.51f1/6000.1.3f1/Editor/Data/MonoBleedingEdge/lib/mono/unityjit-win32'
Mono config path = 'D:/UnityHub/Unity Hub/2022.3.51f1/6000.1.3f1/Editor/Data/MonoBleedingEdge/etc'
Using monoOptions --debugger-agent=transport=dt_socket,embedding=1,server=y,suspend=n,address=127.0.0.1:56276
Begin MonoManager ReloadAssembly
Registering precompiled unity dll's ...
Register platform support module: D:/UnityHub/Unity Hub/2022.3.51f1/6000.1.3f1/Editor/Data/PlaybackEngines/WindowsStandaloneSupport/UnityEditor.WindowsStandalone.Extensions.dll
Register platform support module: D:/UnityHub/Unity Hub/2022.3.51f1/6000.1.3f1/Editor/Data/PlaybackEngines/AndroidPlayer/UnityEditor.Android.Extensions.dll
Registered in 0.001705 seconds.
- Loaded All Assemblies, in  0.847 seconds
Native extension for Android target not found
Android Extension - Scanning For ADB Devices 335 ms
Native extension for WindowsStandalone target not found
Mono: successfully reloaded assembly
- Finished resetting the current domain, in  0.847 seconds
Domain Reload Profiling: 1694ms
	BeginReloadAssembly (220ms)
		ExecutionOrderSort (0ms)
		DisableScriptedObjects (0ms)
		BackupInstance (0ms)
		ReleaseScriptingObjects (0ms)
		CreateAndSetChildDomain (1ms)
	RebuildCommonClasses (61ms)
	RebuildNativeTypeToScriptingClass (18ms)
	initialDomainReloadingComplete (66ms)
	LoadAllAssembliesAndSetupDomain (481ms)
		LoadAssemblies (219ms)
		RebuildTransferFunctionScriptingTraits (0ms)
		AnalyzeDomain (475ms)
			TypeCache.Refresh (472ms)
				TypeCache.ScanAssembly (447ms)
			BuildScriptInfoCaches (0ms)
			ResolveRequiredComponents (1ms)
	FinalizeReload (848ms)
		ReleaseScriptCaches (0ms)
		RebuildScriptCaches (0ms)
		SetupLoadedEditorAssemblies (770ms)
			LogAssemblyErrors (0ms)
			InitializePlatformSupportModulesInManaged (523ms)
			SetLoadedEditorAssemblies (3ms)
			BeforeProcessingInitializeOnLoad (50ms)
			ProcessInitializeOnLoadAttributes (124ms)
			ProcessInitializeOnLoadMethodAttributes (70ms)
			AfterProcessingInitializeOnLoad (0ms)
			EditorAssembliesLoaded (0ms)
		ExecutionOrderSort2 (0ms)
		AwakeInstancesAfterBackupRestoration (0ms)
========================================================================
Worker process is ready to serve import requests
Import Worker Mode flag is 0x00
Begin MonoManager ReloadAssembly
- Loaded All Assemblies, in  0.867 seconds
'Packages/com.unity.render-pipelines.high-definition/Editor/Wizard/HDWizard.UIElement.cs' contains partial class of Unity.Object, exactly 1 of the partial classes needs to be in a file with the same filename. This is to know the one that can be referenced from ie. GameObjects
'Packages/com.unity.render-pipelines.high-definition/Editor/Wizard/HDWizard.Configuration.cs' contains partial class of Unity.Object, exactly 1 of the partial classes needs to be in a file with the same filename. This is to know the one that can be referenced from ie. GameObjects
'Packages/com.unity.render-pipelines.high-definition/Editor/Wizard/HDWizard.Window.cs' contains partial class of Unity.Object, exactly 1 of the partial classes needs to be in a file with the same filename. This is to know the one that can be referenced from ie. GameObjects
Refreshing native plugins compatible for Editor in 0.51 ms, found 3 plugins.
Native extension for Android target not found
Native extension for WindowsStandalone target not found
Mono: successfully reloaded assembly
- Finished resetting the current domain, in  0.771 seconds
Domain Reload Profiling: 1638ms
	BeginReloadAssembly (155ms)
		ExecutionOrderSort (0ms)
		DisableScriptedObjects (6ms)
		BackupInstance (0ms)
		ReleaseScriptingObjects (0ms)
		CreateAndSetChildDomain (29ms)
	RebuildCommonClasses (29ms)
	RebuildNativeTypeToScriptingClass (9ms)
	initialDomainReloadingComplete (34ms)
	LoadAllAssembliesAndSetupDomain (639ms)
		LoadAssemblies (309ms)
		RebuildTransferFunctionScriptingTraits (0ms)
		AnalyzeDomain (416ms)
			TypeCache.Refresh (346ms)
				TypeCache.ScanAssembly (280ms)
			BuildScriptInfoCaches (55ms)
			ResolveRequiredComponents (10ms)
	FinalizeReload (771ms)
		ReleaseScriptCaches (0ms)
		RebuildScriptCaches (0ms)
		SetupLoadedEditorAssemblies (546ms)
			LogAssemblyErrors (0ms)
			InitializePlatformSupportModulesInManaged (10ms)
			SetLoadedEditorAssemblies (3ms)
			BeforeProcessingInitializeOnLoad (105ms)
			ProcessInitializeOnLoadAttributes (366ms)
			ProcessInitializeOnLoadMethodAttributes (62ms)
			AfterProcessingInitializeOnLoad (1ms)
			EditorAssembliesLoaded (0ms)
		ExecutionOrderSort2 (0ms)
		AwakeInstancesAfterBackupRestoration (5ms)
Launched and connected shader compiler UnityShaderCompiler.exe after 0.02 seconds
Refreshing native plugins compatible for Editor in 0.63 ms, found 3 plugins.
Preloading 0 native plugins for Editor in 0.00 ms.
Unloading 477 Unused Serialized files (Serialized files now loaded: 0)
Unloading 7676 unused Assets / (22.4 MB). Loaded Objects now: 8358.
Memory consumption went from 264.3 MB to 241.9 MB.
Total: 14.308200 ms (FindLiveObjects: 0.671400 ms CreateObjectMapping: 0.645200 ms MarkObjects: 5.035500 ms  DeleteObjects: 7.954000 ms)

========================================================================
Received Import Request.
  Time since last request: 21027.360385 seconds.
  path: Assets/SOnNGUYXN/Military/Prefab/HDRP/SK_Military_FPS_Survivalist (4).prefab
  artifactKey: Guid(4cfd96ad30c5bd7468d24cc5815d0f18) Importer(815301076,1909f56bfc062723c751e8b465ee728b)
Start importing Assets/SOnNGUYXN/Military/Prefab/HDRP/SK_Military_FPS_Survivalist (4).prefab using Guid(4cfd96ad30c5bd7468d24cc5815d0f18) Importer(815301076,1909f56bfc062723c751e8b465ee728b) (PreviewImporter) -> (artifact id: '6c39365efc5e5b4e866b564f16afdf5f') in 2.1917662 seconds
Number of updated asset objects reloaded before import = 0Number of asset objects unloaded after import = 581

========================================================================
Received Import Request.
  Time since last request: 0.000090 seconds.
  path: Assets/SOnNGUYXN/Military/Prefab/URP/SK_Military_FPS_Survivalist (6).prefab
  artifactKey: Guid(608204a693153b44bb0d21353cc50c01) Importer(815301076,1909f56bfc062723c751e8b465ee728b)
Start importing Assets/SOnNGUYXN/Military/Prefab/URP/SK_Military_FPS_Survivalist (6).prefab using Guid(608204a693153b44bb0d21353cc50c01) Importer(815301076,1909f56bfc062723c751e8b465ee728b) (PreviewImporter) -> (artifact id: 'bc8c0086fac18e3285a04682fd32944b') in 7.71523 seconds
Number of updated asset objects reloaded before import = 0Number of asset objects unloaded after import = 253

========================================================================
Received Import Request.
  Time since last request: 0.000075 seconds.
  path: Assets/SOnNGUYXN/Military/Prefab/URP/SK_Military_Survivalist (11).prefab
  artifactKey: Guid(b3c640d5746cf8f45819f788fe67bc6c) Importer(815301076,1909f56bfc062723c751e8b465ee728b)
Start importing Assets/SOnNGUYXN/Military/Prefab/URP/SK_Military_Survivalist (11).prefab using Guid(b3c640d5746cf8f45819f788fe67bc6c) Importer(815301076,1909f56bfc062723c751e8b465ee728b) (PreviewImporter) -> (artifact id: '5f438033249589f9af3a4cecab2061a0') in 0.3282607 seconds
Number of updated asset objects reloaded before import = 0Number of asset objects unloaded after import = 254

========================================================================
Received Import Request.
  Time since last request: 36.680214 seconds.
  path: Assets/SOnNGUYXN/Military/Prefab/URP/SK_Military_Survivalist (9).prefab
  artifactKey: Guid(45ba5550a3e809a4fbcb9111cbffedf9) Importer(815301076,1909f56bfc062723c751e8b465ee728b)
Start importing Assets/SOnNGUYXN/Military/Prefab/URP/SK_Military_Survivalist (9).prefab using Guid(45ba5550a3e809a4fbcb9111cbffedf9) Importer(815301076,1909f56bfc062723c751e8b465ee728b) (PreviewImporter) -> (artifact id: '8e779213a496112ae785535343dba627') in 8.5241134 seconds
Number of updated asset objects reloaded before import = 6Number of asset objects unloaded after import = 257

========================================================================
Received Import Request.
  Time since last request: 0.000133 seconds.
  path: Assets/SOnNGUYXN/Military/Prefab/Environment.prefab
  artifactKey: Guid(13038b49a8cfa564aa1a9ef9df96de79) Importer(815301076,1909f56bfc062723c751e8b465ee728b)
Start importing Assets/SOnNGUYXN/Military/Prefab/Environment.prefab using Guid(13038b49a8cfa564aa1a9ef9df96de79) Importer(815301076,1909f56bfc062723c751e8b465ee728b) (PreviewImporter) -> (artifact id: 'bb9c81e5d857337ff39286ca36718092') in 0.1240757 seconds
Number of updated asset objects reloaded before import = 0Number of asset objects unloaded after import = 288

========================================================================
Received Import Request.
  Time since last request: 0.000204 seconds.
  path: Assets/SOnNGUYXN/Military/Prefab/URP/SK_Military_Survivalist (10).prefab
  artifactKey: Guid(a5673bc2ba44eb743aaaaeeccabc3a5f) Importer(815301076,1909f56bfc062723c751e8b465ee728b)
Start importing Assets/SOnNGUYXN/Military/Prefab/URP/SK_Military_Survivalist (10).prefab using Guid(a5673bc2ba44eb743aaaaeeccabc3a5f) Importer(815301076,1909f56bfc062723c751e8b465ee728b) (PreviewImporter) -> (artifact id: '86477926d8258e92dbf786ff73247f1f') in 0.5593258 seconds
Number of updated asset objects reloaded before import = 0Number of asset objects unloaded after import = 259

Editor requested this worker to shutdown with reason: Scaling down because of idle timeout
AssetImportWorkerClient::OnTransportError - code=2 error=End of file
AssetImportWorker is now disconnected from the server
Process exiting
Exiting without the bug reporter. Application will terminate with return code 0